[2022-05-28 20:03:25] [info]  [ 3864] Apache Commons Daemon procrun (1.3.1.0 64-bit) started.
[2022-05-28 20:03:25] [info]  [ 3864] Running Service 'Tomcat9'...
[2022-05-28 20:03:25] [info]  [ 9520] Starting service...
[2022-05-28 20:03:26] [info]  [ 9520] Service started in 1257 milliseconds.
[2022-05-28 21:56:43] [info]  [ 3864] Service SERVICE_CONTROL_INTERROGATE signalled.
[2022-05-29 09:31:19] [info]  [ 3864] Service SERVICE_CONTROL_INTERROGATE signalled.
[2022-05-29 09:32:08] [info]  [ 3864] Service SERVICE_CONTROL_INTERROGATE signalled.
[2022-05-29 11:58:41] [info]  [ 3864] Service SERVICE_CONTROL_INTERROGATE signalled.
[2022-05-29 14:00:50] [info]  [ 3864] Service SERVICE_CONTROL_INTERROGATE signalled.
[2022-05-29 14:01:21] [info]  [ 3864] Service SERVICE_CONTROL_INTERROGATE signalled.
[2022-05-29 16:00:52] [info]  [ 3864] Service SERVICE_CONTROL_INTERROGATE signalled.
[2022-05-29 17:01:23] [info]  [ 3864] Service SERVICE_CONTROL_INTERROGATE signalled.
[2022-05-29 19:33:52] [info]  [ 3864] Service SERVICE_CONTROL_INTERROGATE signalled.
[2022-05-29 20:01:25] [info]  [ 3864] Service SERVICE_CONTROL_INTERROGATE signalled.
[2022-05-29 21:33:54] [info]  [ 3864] Service SERVICE_CONTROL_INTERROGATE signalled.
[2022-05-30 14:21:49] [info]  [ 3864] Service SERVICE_CONTROL_INTERROGATE signalled.
[2022-05-30 14:22:25] [info]  [ 3864] Service SERVICE_CONTROL_INTERROGATE signalled.
[2022-05-31 08:20:49] [info]  [ 3864] Service SERVICE_CONTROL_INTERROGATE signalled.
[2022-05-31 08:21:21] [info]  [ 3864] Service SERVICE_CONTROL_INTERROGATE signalled.
[2022-05-31 19:35:46] [info]  [ 3864] Service SERVICE_CONTROL_INTERROGATE signalled.
[2022-05-31 19:49:49] [info]  [ 3864] Service SERVICE_CONTROL_INTERROGATE signalled.
[2022-05-31 20:27:28] [info]  [ 1940] Console SHUTDOWN event signaled.
[2022-05-31 20:27:28] [info]  [ 1940] Stopping service...
[2022-05-31 20:27:29] [info]  [ 1940] Service stop thread completed.
[2022-05-31 20:27:29] [info]  [ 3864] Run service finished.
[2022-05-31 20:27:29] [info]  [ 3864] Apache Commons Daemon procrun finished.
