
2022-05-23 20:01:06 Apache Commons Daemon procrun stderr initialized.
23-May-2022 20:01:06.841 INFORMAÇÕES [main] org.apache.catalina.startup.VersionLoggerListener.log Server version name:   Apache Tomcat/9.0.63
23-May-2022 20:01:06.856 INFORMAÇÕES [main] org.apache.catalina.startup.VersionLoggerListener.log Server built:          May 11 2022 07:52:11 UTC
23-May-2022 20:01:06.856 INFORMAÇÕES [main] org.apache.catalina.startup.VersionLoggerListener.log Server version number: 9.0.63.0
23-May-2022 20:01:06.856 INFORMAÇÕES [main] org.apache.catalina.startup.VersionLoggerListener.log OS Name:               Windows 10
23-May-2022 20:01:06.857 INFORMAÇÕES [main] org.apache.catalina.startup.VersionLoggerListener.log OS Version:            10.0
23-May-2022 20:01:06.857 INFORMAÇÕES [main] org.apache.catalina.startup.VersionLoggerListener.log Architecture:          amd64
23-May-2022 20:01:06.857 INFORMAÇÕES [main] org.apache.catalina.startup.VersionLoggerListener.log Java Home:             C:\Program Files\Java\jre1.8.0_321
23-May-2022 20:01:06.857 INFORMAÇÕES [main] org.apache.catalina.startup.VersionLoggerListener.log JVM Version:           1.8.0_321-b07
23-May-2022 20:01:06.857 INFORMAÇÕES [main] org.apache.catalina.startup.VersionLoggerListener.log JVM Vendor:            Oracle Corporation
23-May-2022 20:01:06.857 INFORMAÇÕES [main] org.apache.catalina.startup.VersionLoggerListener.log CATALINA_BASE:         C:\Java\pa\TomCat
23-May-2022 20:01:06.857 INFORMAÇÕES [main] org.apache.catalina.startup.VersionLoggerListener.log CATALINA_HOME:         C:\Java\pa\TomCat
23-May-2022 20:01:06.874 INFORMAÇÕES [main] org.apache.catalina.startup.VersionLoggerListener.log Command line argument: -Dcatalina.home=C:\Java\pa\TomCat
23-May-2022 20:01:06.874 INFORMAÇÕES [main] org.apache.catalina.startup.VersionLoggerListener.log Command line argument: -Dcatalina.base=C:\Java\pa\TomCat
23-May-2022 20:01:06.874 INFORMAÇÕES [main] org.apache.catalina.startup.VersionLoggerListener.log Command line argument: -Djava.io.tmpdir=C:\Java\pa\TomCat\temp
23-May-2022 20:01:06.874 INFORMAÇÕES [main] org.apache.catalina.startup.VersionLoggerListener.log Command line argument: -Djava.util.logging.manager=org.apache.juli.ClassLoaderLogManager
23-May-2022 20:01:06.874 INFORMAÇÕES [main] org.apache.catalina.startup.VersionLoggerListener.log Command line argument: -Djava.util.logging.config.file=C:\Java\pa\TomCat\conf\logging.properties
23-May-2022 20:01:06.874 INFORMAÇÕES [main] org.apache.catalina.startup.VersionLoggerListener.log Command line argument: exit
23-May-2022 20:01:06.874 INFORMAÇÕES [main] org.apache.catalina.startup.VersionLoggerListener.log Command line argument: abort
23-May-2022 20:01:06.874 INFORMAÇÕES [main] org.apache.catalina.startup.VersionLoggerListener.log Command line argument: -Xms128m
23-May-2022 20:01:06.874 INFORMAÇÕES [main] org.apache.catalina.startup.VersionLoggerListener.log Command line argument: -Xmx256m
23-May-2022 20:01:06.878 INFORMAÇÕES [main] org.apache.catalina.core.AprLifecycleListener.lifecycleEvent The Apache Tomcat Native library which allows using OpenSSL was not found on the java.library.path: [C:\Java\pa\TomCat\bin;C:\WINDOWS\Sun\Java\bin;C:\WINDOWS\system32;C:\WINDOWS;C:\Program Files\Java\jre1.8.0_321\bin;C:\Program Files (x86)\Common Files\Oracle\Java\javapath;C:\Program Files (x86)\NVIDIA Corporation\PhysX\Common;C:\WINDOWS\system32;C:\WINDOWS;C:\WINDOWS\System32\Wbem;C:\WINDOWS\System32\WindowsPowerShell\v1.0\;C:\WINDOWS\System32\OpenSSH\;C:\Program Files\Microsoft SQL Server\Client SDK\ODBC\110\Tools\Binn\;C:\Program Files (x86)\Microsoft SQL Server\120\Tools\Binn\;C:\Program Files\Microsoft SQL Server\120\Tools\Binn\;C:\Program Files\Microsoft SQL Server\120\DTS\Binn\;C:\Program Files (x86)\Windows Kits\8.1\Windows Performance Toolkit\;C:\Program Files\Common Files\Autodesk Shared\;C:\Program Files\dotnet\;C:\Program Files\MATLAB\R2022a\bin;C:\WINDOWS\ServiceProfiles\LocalService\AppData\Local\Microsoft\WindowsApps;.]
23-May-2022 20:01:07.668 INFORMAÇÕES [main] org.apache.coyote.AbstractProtocol.init Initializing ProtocolHandler ["http-nio-8080"]
23-May-2022 20:01:07.695 INFORMAÇÕES [main] org.apache.catalina.startup.Catalina.load Server initialization in [1051] milliseconds
23-May-2022 20:01:07.735 INFORMAÇÕES [main] org.apache.catalina.core.StandardService.startInternal Starting service [Catalina]
23-May-2022 20:01:07.735 INFORMAÇÕES [main] org.apache.catalina.core.StandardEngine.startInternal Starting Servlet engine: [Apache Tomcat/9.0.63]
23-May-2022 20:01:07.742 INFORMAÇÕES [main] org.apache.catalina.startup.HostConfig.deployDirectory Diretório de instalação da aplicação web [C:\Java\pa\TomCat\webapps\docs]
23-May-2022 20:01:08.037 INFORMAÇÕES [main] org.apache.catalina.startup.HostConfig.deployDirectory Deployment of web application directory [C:\Java\pa\TomCat\webapps\docs] has finished in [292] ms
23-May-2022 20:01:08.037 INFORMAÇÕES [main] org.apache.catalina.startup.HostConfig.deployDirectory Diretório de instalação da aplicação web [C:\Java\pa\TomCat\webapps\manager]
23-May-2022 20:01:08.065 INFORMAÇÕES [main] org.apache.catalina.startup.HostConfig.deployDirectory Deployment of web application directory [C:\Java\pa\TomCat\webapps\manager] has finished in [28] ms
23-May-2022 20:01:08.065 INFORMAÇÕES [main] org.apache.catalina.startup.HostConfig.deployDirectory Diretório de instalação da aplicação web [C:\Java\pa\TomCat\webapps\ROOT]
23-May-2022 20:01:08.082 INFORMAÇÕES [main] org.apache.catalina.startup.HostConfig.deployDirectory Deployment of web application directory [C:\Java\pa\TomCat\webapps\ROOT] has finished in [17] ms
23-May-2022 20:01:08.085 INFORMAÇÕES [main] org.apache.coyote.AbstractProtocol.start Starting ProtocolHandler ["http-nio-8080"]
23-May-2022 20:01:08.104 INFORMAÇÕES [main] org.apache.catalina.startup.Catalina.start Server startup in [408] milliseconds
23-May-2022 20:09:42.489 INFORMAÇÕES [http-nio-8080-exec-9] org.apache.catalina.core.StandardContext.reload Reloading Context with name [] has started
23-May-2022 20:09:42.531 INFORMAÇÕES [http-nio-8080-exec-9] org.apache.catalina.core.StandardContext.reload Reloading Context with name [] is completed
